# JRE version: Java(TM) SE Runtime Environment (17.0.10+11) (build 17.0.10+11-LTS-240)
# Java VM: Java HotSpot(TM) 64-Bit Server VM (17.0.10+11-LTS-240, mixed mode, sharing, tiered, compressed oops, compressed class ptrs, g1 gc, windows-amd64)
GC Precious Log:
 CPUs: 12 total, 12 available
 Memory: 7521M
 Large Page Support: Disabled
 NUMA Support: Disabled
 Compressed Oops: Enabled (32-bit)
 Heap Region Size: 1M
 Heap Min Capacity: 8M
 Heap Initial Capacity: 118M
 Heap Max Capacity: 2G
 Pre-touch: Disabled
 Parallel Workers: 10
 Concurrent Workers: 3
 Concurrent Refinement Workers: 10
 Periodic GC: Disabled
Heap:
 garbage-first heap   total 86016K, used 55301K [0x0000000080000000, 0x0000000100000000)
  region size 1024K, 22 young (22528K), 3 survivors (3072K)
 Metaspace       used 47978K, committed 48576K, reserved 491520K
  class space    used 6782K, committed 7040K, reserved 425984K
GC Heap History (20 events):
Event: 3.399 GC heap before
{Heap before GC invocations=3 (full 0):
 garbage-first heap   total 120832K, used 68862K [0x0000000080000000, 0x0000000100000000)
  region size 1024K, 58 young (59392K), 9 survivors (9216K)
 Metaspace       used 21283K, committed 21504K, reserved 491520K
  class space    used 3133K, committed 3264K, reserved 425984K
}
Event: 3.405 GC heap after
{Heap after GC invocations=4 (full 0):
 garbage-first heap   total 120832K, used 22814K [0x0000000080000000, 0x0000000100000000)
  region size 1024K, 4 young (4096K), 4 survivors (4096K)
 Metaspace       used 21283K, committed 21504K, reserved 491520K
  class space    used 3133K, committed 3264K, reserved 425984K
}
Event: 4.648 GC heap before
{Heap before GC invocations=5 (full 0):
 garbage-first heap   total 86016K, used 68894K [0x0000000080000000, 0x0000000100000000)
  region size 1024K, 50 young (51200K), 4 survivors (4096K)
 Metaspace       used 29170K, committed 29504K, reserved 491520K
  class space    used 4170K, committed 4352K, reserved 425984K
}
Event: 4.653 GC heap after
{Heap after GC invocations=6 (full 0):
 garbage-first heap   total 86016K, used 26457K [0x0000000080000000, 0x0000000100000000)
  region size 1024K, 7 young (7168K), 7 survivors (7168K)
 Metaspace       used 29170K, committed 29504K, reserved 491520K
  class space    used 4170K, committed 4352K, reserved 425984K
}
Event: 4.701 GC heap before
{Heap before GC invocations=6 (full 0):
 garbage-first heap   total 86016K, used 26457K [0x0000000080000000, 0x0000000100000000)
  region size 1024K, 8 young (8192K), 7 survivors (7168K)
 Metaspace       used 29763K, committed 30080K, reserved 491520K
  class space    used 4211K, committed 4352K, reserved 425984K
}
Event: 4.706 GC heap after
{Heap after GC invocations=7 (full 0):
 garbage-first heap   total 86016K, used 26731K [0x0000000080000000, 0x0000000100000000)
  region size 1024K, 1 young (1024K), 1 survivors (1024K)
 Metaspace       used 29763K, committed 30080K, reserved 491520K
  class space    used 4211K, committed 4352K, reserved 425984K
}
Event: 5.088 GC heap before
{Heap before GC invocations=7 (full 0):
 garbage-first heap   total 86016K, used 62571K [0x0000000080000000, 0x0000000100000000)
  region size 1024K, 36 young (36864K), 1 survivors (1024K)
 Metaspace       used 32186K, committed 32576K, reserved 491520K
  class space    used 4554K, committed 4736K, reserved 425984K
}
Event: 5.091 GC heap after
{Heap after GC invocations=8 (full 0):
 garbage-first heap   total 86016K, used 29251K [0x0000000080000000, 0x0000000100000000)
  region size 1024K, 4 young (4096K), 4 survivors (4096K)
 Metaspace       used 32186K, committed 32576K, reserved 491520K
  class space    used 4554K, committed 4736K, reserved 425984K
}
Event: 14.101 GC heap before
{Heap before GC invocations=8 (full 0):
 garbage-first heap   total 86016K, used 68163K [0x0000000080000000, 0x0000000100000000)
  region size 1024K, 38 young (38912K), 4 survivors (4096K)
 Metaspace       used 35133K, committed 35584K, reserved 491520K
  class space    used 4875K, committed 5056K, reserved 425984K
}
Event: 14.105 GC heap after
{Heap after GC invocations=9 (full 0):
 garbage-first heap   total 86016K, used 31270K [0x0000000080000000, 0x0000000100000000)
  region size 1024K, 3 young (3072K), 3 survivors (3072K)
 Metaspace       used 35133K, committed 35584K, reserved 491520K
  class space    used 4875K, committed 5056K, reserved 425984K
}
Event: 14.386 GC heap before
{Heap before GC invocations=9 (full 0):
 garbage-first heap   total 86016K, used 35366K [0x0000000080000000, 0x0000000100000000)
  region size 1024K, 8 young (8192K), 3 survivors (3072K)
 Metaspace       used 35761K, committed 36160K, reserved 491520K
  class space    used 4968K, committed 5120K, reserved 425984K
}
Event: 14.389 GC heap after
{Heap after GC invocations=10 (full 0):
 garbage-first heap   total 86016K, used 31949K [0x0000000080000000, 0x0000000100000000)
  region size 1024K, 1 young (1024K), 1 survivors (1024K)
 Metaspace       used 35761K, committed 36160K, reserved 491520K
  class space    used 4968K, committed 5120K, reserved 425984K
}
Event: 15.125 GC heap before
{Heap before GC invocations=11 (full 0):
 garbage-first heap   total 86016K, used 65741K [0x0000000080000000, 0x0000000100000000)
  region size 1024K, 34 young (34816K), 1 survivors (1024K)
 Metaspace       used 38170K, committed 38720K, reserved 491520K
  class space    used 5354K, committed 5568K, reserved 425984K
}
Event: 15.127 GC heap after
{Heap after GC invocations=12 (full 0):
 garbage-first heap   total 86016K, used 33081K [0x0000000080000000, 0x0000000100000000)
  region size 1024K, 2 young (2048K), 2 survivors (2048K)
 Metaspace       used 38170K, committed 38720K, reserved 491520K
  class space    used 5354K, committed 5568K, reserved 425984K
}
Event: 15.168 GC heap before
{Heap before GC invocations=12 (full 0):
 garbage-first heap   total 86016K, used 35129K [0x0000000080000000, 0x0000000100000000)
  region size 1024K, 4 young (4096K), 2 survivors (2048K)
 Metaspace       used 38437K, committed 38976K, reserved 491520K
  class space    used 5406K, committed 5632K, reserved 425984K
}
Event: 15.171 GC heap after
{Heap after GC invocations=13 (full 0):
 garbage-first heap   total 86016K, used 33047K [0x0000000080000000, 0x0000000100000000)
  region size 1024K, 1 young (1024K), 1 survivors (1024K)
 Metaspace       used 38437K, committed 38976K, reserved 491520K
  class space    used 5406K, committed 5632K, reserved 425984K
}
Event: 16.271 GC heap before
{Heap before GC invocations=13 (full 0):
 garbage-first heap   total 86016K, used 66839K [0x0000000080000000, 0x0000000100000000)
  region size 1024K, 34 young (34816K), 1 survivors (1024K)
 Metaspace       used 41890K, committed 42368K, reserved 491520K
  class space    used 5952K, committed 6144K, reserved 425984K
}
Event: 16.274 GC heap after
{Heap after GC invocations=14 (full 0):
 garbage-first heap   total 86016K, used 34117K [0x0000000080000000, 0x0000000100000000)
  region size 1024K, 2 young (2048K), 2 survivors (2048K)
 Metaspace       used 41890K, committed 42368K, reserved 491520K
  class space    used 5952K, committed 6144K, reserved 425984K
}
Event: 17.804 GC heap before
{Heap before GC invocations=14 (full 0):
 garbage-first heap   total 86016K, used 67909K [0x0000000080000000, 0x0000000100000000)
  region size 1024K, 35 young (35840K), 2 survivors (2048K)
 Metaspace       used 45696K, committed 46272K, reserved 491520K
  class space    used 6579K, committed 6848K, reserved 425984K
}
Event: 17.807 GC heap after
{Heap after GC invocations=15 (full 0):
 garbage-first heap   total 86016K, used 35845K [0x0000000080000000, 0x0000000100000000)
  region size 1024K, 3 young (3072K), 3 survivors (3072K)
 Metaspace       used 45696K, committed 46272K, reserved 491520K
  class space    used 6579K, committed 6848K, reserved 425984K
}

