# JRE version: Java(TM) SE Runtime Environment 18.9 (11.0.16.1+1) (build 11.0.16.1+1-LTS-1)
# Java VM: Java HotSpot(TM) 64-Bit Server VM 18.9 (11.0.16.1+1-LTS-1, mixed mode, tiered, compressed oops, g1 gc, windows-amd64)
Heap:
 garbage-first heap   total 120832K, used 39404K [0x0000000080000000, 0x0000000100000000)
  region size 1024K, 23 young (23552K), 6 survivors (6144K)
 Metaspace       used 38717K, capacity 39755K, committed 39936K, reserved 550912K
  class space    used 5106K, capacity 5514K, committed 5632K, reserved 516096K
GC Heap History (10 events):
Event: 1.698 GC heap before
{Heap before GC invocations=1 (full 0):
 garbage-first heap   total 120832K, used 79470K [0x0000000080000000, 0x0000000100000000)
  region size 1024K, 70 young (71680K), 3 survivors (3072K)
 Metaspace       used 14780K, capacity 15080K, committed 15232K, reserved 530432K
  class space    used 1666K, capacity 1796K, committed 1920K, reserved 516096K
}
Event: 1.707 GC heap after
{Heap after GC invocations=2 (full 0):
 garbage-first heap   total 120832K, used 17354K [0x0000000080000000, 0x0000000100000000)
  region size 1024K, 9 young (9216K), 9 survivors (9216K)
 Metaspace       used 14780K, capacity 15080K, committed 15232K, reserved 530432K
  class space    used 1666K, capacity 1796K, committed 1920K, reserved 516096K
}
Event: 3.583 GC heap before
{Heap before GC invocations=2 (full 0):
 garbage-first heap   total 120832K, used 54218K [0x0000000080000000, 0x0000000100000000)
  region size 1024K, 46 young (47104K), 9 survivors (9216K)
 Metaspace       used 20623K, capacity 21070K, committed 21248K, reserved 534528K
  class space    used 2498K, capacity 2695K, committed 2816K, reserved 516096K
}
Event: 3.590 GC heap after
{Heap after GC invocations=3 (full 0):
 garbage-first heap   total 120832K, used 18739K [0x0000000080000000, 0x0000000100000000)
  region size 1024K, 2 young (2048K), 2 survivors (2048K)
 Metaspace       used 20623K, capacity 21070K, committed 21248K, reserved 534528K
  class space    used 2498K, capacity 2695K, committed 2816K, reserved 516096K
}
Event: 5.370 GC heap before
{Heap before GC invocations=4 (full 0):
 garbage-first heap   total 120832K, used 69939K [0x0000000080000000, 0x0000000100000000)
  region size 1024K, 52 young (53248K), 2 survivors (2048K)
 Metaspace       used 25016K, capacity 25612K, committed 25856K, reserved 538624K
  class space    used 3212K, capacity 3469K, committed 3584K, reserved 516096K
}
Event: 5.372 GC heap after
{Heap after GC invocations=5 (full 0):
 garbage-first heap   total 120832K, used 20193K [0x0000000080000000, 0x0000000100000000)
  region size 1024K, 4 young (4096K), 4 survivors (4096K)
 Metaspace       used 25016K, capacity 25612K, committed 25856K, reserved 538624K
  class space    used 3212K, capacity 3469K, committed 3584K, reserved 516096K
}
Event: 5.857 GC heap before
{Heap before GC invocations=5 (full 0):
 garbage-first heap   total 120832K, used 75489K [0x0000000080000000, 0x0000000100000000)
  region size 1024K, 58 young (59392K), 4 survivors (4096K)
 Metaspace       used 29423K, capacity 30139K, committed 30336K, reserved 542720K
  class space    used 3906K, capacity 4199K, committed 4224K, reserved 516096K
}
Event: 5.860 GC heap after
{Heap after GC invocations=6 (full 0):
 garbage-first heap   total 120832K, used 22059K [0x0000000080000000, 0x0000000100000000)
  region size 1024K, 6 young (6144K), 6 survivors (6144K)
 Metaspace       used 29423K, capacity 30139K, committed 30336K, reserved 542720K
  class space    used 3906K, capacity 4199K, committed 4224K, reserved 516096K
}
Event: 6.422 GC heap before
{Heap before GC invocations=6 (full 0):
 garbage-first heap   total 120832K, used 67115K [0x0000000080000000, 0x0000000100000000)
  region size 1024K, 51 young (52224K), 6 survivors (6144K)
 Metaspace       used 34832K, capacity 35730K, committed 35840K, reserved 546816K
  class space    used 4678K, capacity 5045K, committed 5120K, reserved 516096K
}
Event: 6.427 GC heap after
{Heap after GC invocations=7 (full 0):
 garbage-first heap   total 120832K, used 24044K [0x0000000080000000, 0x0000000100000000)
  region size 1024K, 6 young (6144K), 6 survivors (6144K)
 Metaspace       used 34832K, capacity 35730K, committed 35840K, reserved 546816K
  class space    used 4678K, capacity 5045K, committed 5120K, reserved 516096K
}

